<?xml version="1.0" encoding="UTF-8"?>
<testsuite xmlns:xsi="http://www.w3.org/2001/XMLSchema-instance" xsi:noNamespaceSchemaLocation="https://maven.apache.org/surefire/maven-surefire-plugin/xsd/surefire-test-report.xsd" name="com.example.rickmortyapi.RunCucumberTest" time="11.627" tests="13" errors="0" skipped="0" failures="0">
  <properties>
[...]
</properties>
  <testcase name="Search by full name #1" classname="Character Search By Name" time="3.368"/>
  <testcase name="Search by full name #2" classname="Character Search By Name" time="1.082"/>
  <testcase name="Search by partial name #1" classname="Character Search By Name" time="1.013"/>
  <testcase name="Search by partial name #2" classname="Character Search By Name" time="0.998"/>
  <testcase name="Search with no exact match" classname="Character Search By Name" time="0.812"/>
  <testcase name="Filter characters by status #1" classname="Filter Characters by Status" time="0.299"/>
  <testcase name="Filter characters by status #2" classname="Filter Characters by Status" time="0.344"/>
  <testcase name="Filter characters by status #3" classname="Filter Characters by Status" time="0.316"/>
  <testcase name="Get details by ID #1" classname="Character Details By ID" time="0.938"/>
  <testcase name="Get details by ID #2" classname="Character Details By ID" time="0.876"/>
  <testcase name="Get details of an episode by ID #1" classname="Get Episode by ID" time="0.29"/>
  <testcase name="Get details of an episode by ID #2" classname="Get Episode by ID" time="0.284"/>
  <testcase name="Get details of an episode by ID #3" classname="Get Episode by ID" time="0.304"/>
</testsuite>